<?xml version="1.0" encoding="UTF-8"?>
<!-- Generated by org.testng.reporters.JUnitReportReporter -->
<testsuite hostname="KTLPT1386" failures="0" tests="16" name="APITestCase.Dashboard" time="3.947" errors="0" timestamp="2024-07-03T19:03:48 IST" skipped="0">
  <testcase classname="APITestCase.Dashboard" name="GetOverDueTask" time="0.167"/>
  <system-out/>
  <testcase classname="APITestCase.Dashboard" name="ExportLeadOverDueTask" time="0.342"/>
  <system-out/>
  <testcase classname="APITestCase.Dashboard" name="ExportSalesExecutiveQuotationAnalytics" time="0.250"/>
  <system-out/>
  <testcase classname="APITestCase.Dashboard" name="GetLeadAnalaytics" time="0.145"/>
  <system-out/>
  <testcase classname="APITestCase.Dashboard" name="ExportQuotationAnalytics" time="0.288"/>
  <system-out/>
  <testcase classname="APITestCase.Dashboard" name="Login" time="0.182"/>
  <system-out/>
  <testcase classname="APITestCase.Dashboard" name="ExportLeadGenerationSources" time="0.311"/>
  <system-out/>
  <testcase classname="APITestCase.Dashboard" name="GetQuotationAnalytics" time="0.179"/>
  <system-out/>
  <testcase classname="APITestCase.Dashboard" name="ExportVendorQuickResponse" time="0.291"/>
  <system-out/>
  <testcase classname="APITestCase.Dashboard" name="GetDashboardData" time="0.255"/>
  <system-out/>
  <testcase classname="APITestCase.Dashboard" name="LeadConversionReport" time="0.160"/>
  <system-out/>
  <testcase classname="APITestCase.Dashboard" name="ExportNotYetConvertedQuotation" time="0.302"/>
  <system-out/>
  <testcase classname="APITestCase.Dashboard" name="StockCheckAnalytics" time="0.164"/>
  <system-out/>
  <testcase classname="APITestCase.Dashboard" name="ExportLeadConversionReport" time="0.308"/>
  <system-out/>
  <testcase classname="APITestCase.Dashboard" name="ExportVendorPoorResponse" time="0.293"/>
  <system-out/>
  <testcase classname="APITestCase.Dashboard" name="ExportVendorStrikeRate" time="0.310"/>
  <system-out/>
</testsuite> <!-- APITestCase.Dashboard -->
