<?xml version="1.0" encoding="UTF-8"?>
<!-- Generated by org.testng.reporters.JUnitReportReporter -->
<testsuite hostname="KTLPT1386" failures="0" tests="1" name="APITestCase.ManageInquiry" time="0.303" errors="0" timestamp="2024-07-08T17:42:35 IST" skipped="0">
  <testcase classname="APITestCase.ManageInquiry" name="GetVendorInquiry" time="0.303"/>
  <system-out/>
</testsuite> <!-- APITestCase.ManageInquiry -->
