<?xml version="1.0" encoding="UTF-8"?>
<!-- Generated by org.testng.reporters.JUnitReportReporter -->
<testsuite hostname="KTLPT1386" failures="0" tests="5" name="APITestCase.ManageProfile" time="0.929" errors="0" timestamp="2024-07-09T11:34:19 IST" skipped="0">
  <testcase classname="APITestCase.ManageProfile" name="testChangePassword" time="0.184"/>
  <system-out/>
  <testcase classname="APITestCase.ManageProfile" name="testRemoveProfileImage" time="0.127"/>
  <system-out/>
  <testcase classname="APITestCase.ManageProfile" name="testUploadProfileImage" time="0.239"/>
  <system-out/>
  <testcase classname="APITestCase.ManageProfile" name="testGetUserProfile" time="0.185"/>
  <system-out/>
  <testcase classname="APITestCase.ManageProfile" name="testUpdateUserProfile" time="0.194"/>
  <system-out/>
</testsuite> <!-- APITestCase.ManageProfile -->
