<?xml version="1.0" encoding="UTF-8"?>
<!-- Generated by org.testng.reporters.JUnitReportReporter -->
<testsuite hostname="KTLPT1386" failures="0" tests="14" name="APITestCase.ManageQuotation" time="6.733" errors="0" timestamp="2024-07-03T19:03:48 IST" skipped="0">
  <testcase classname="APITestCase.ManageQuotation" name="AddBillingAddress" time="0.171"/>
  <system-out/>
  <testcase classname="APITestCase.ManageQuotation" name="DeleteQuotation" time="0.166"/>
  <system-out/>
  <testcase classname="APITestCase.ManageQuotation" name="AddLead" time="0.239"/>
  <system-out/>
  <testcase classname="APITestCase.ManageQuotation" name="UpdateShippingAddress" time="0.217"/>
  <system-out/>
  <testcase classname="APITestCase.ManageQuotation" name="DownloadQuotation" time="2.796"/>
  <system-out/>
  <testcase classname="APITestCase.ManageQuotation" name="ConvertToOrder" time="1.247"/>
  <system-out/>
  <testcase classname="APITestCase.ManageQuotation" name="GetQuotation" time="0.192"/>
  <system-out/>
  <testcase classname="APITestCase.ManageQuotation" name="UpdateQuotation" time="0.241"/>
  <system-out/>
  <testcase classname="APITestCase.ManageQuotation" name="AddQuotation" time="0.297"/>
  <system-out/>
  <testcase classname="APITestCase.ManageQuotation" name="ExportQuotation" time="0.325"/>
  <system-out/>
  <testcase classname="APITestCase.ManageQuotation" name="UpdateBillingAddress" time="0.215"/>
  <system-out/>
  <testcase classname="APITestCase.ManageQuotation" name="QuotationDetail" time="0.158"/>
  <system-out/>
  <testcase classname="APITestCase.ManageQuotation" name="AddShippingAddress" time="0.225"/>
  <system-out/>
  <testcase classname="APITestCase.ManageQuotation" name="Login" time="0.244"/>
  <system-out/>
</testsuite> <!-- APITestCase.ManageQuotation -->
