<?xml version="1.0" encoding="UTF-8"?>
<!-- Generated by org.testng.reporters.JUnitReportReporter -->
<testsuite hostname="KTLPT1386" failures="0" tests="24" name="APITestCase.ManageLead" time="9.254" errors="0" timestamp="2024-07-03T19:03:48 IST" skipped="0">
  <testcase classname="APITestCase.ManageLead" name="GetCity" time="0.125"/>
  <system-out/>
  <testcase classname="APITestCase.ManageLead" name="ExportLeads" time="2.402"/>
  <system-out/>
  <testcase classname="APITestCase.ManageLead" name="UploadLeadAttachment" time="0.380"/>
  <system-out/>
  <testcase classname="APITestCase.ManageLead" name="UpdateLead" time="0.344"/>
  <system-out/>
  <testcase classname="APITestCase.ManageLead" name="CheckLeadNumbers" time="0.157"/>
  <system-out/>
  <testcase classname="APITestCase.ManageLead" name="UpdateLeadStage" time="0.192"/>
  <system-out/>
  <testcase classname="APITestCase.ManageLead" name="GetLeadDetails" time="0.162"/>
  <system-out/>
  <testcase classname="APITestCase.ManageLead" name="GetLeadActivity" time="0.090"/>
  <system-out/>
  <testcase classname="APITestCase.ManageLead" name="GetLeads" time="2.096"/>
  <system-out/>
  <testcase classname="APITestCase.ManageLead" name="MarkTaskAsCompleted" time="0.184"/>
  <system-out/>
  <testcase classname="APITestCase.ManageLead" name="GetLeadTask" time="0.217"/>
  <system-out/>
  <testcase classname="APITestCase.ManageLead" name="AddLeadActivity" time="0.186"/>
  <system-out/>
  <testcase classname="APITestCase.ManageLead" name="GetLeadHistory" time="0.153"/>
  <system-out/>
  <testcase classname="APITestCase.ManageLead" name="GetLeadOwner" time="0.241"/>
  <system-out/>
  <testcase classname="APITestCase.ManageLead" name="AddLead" time="0.971"/>
  <system-out/>
  <testcase classname="APITestCase.ManageLead" name="GetStates" time="0.130"/>
  <system-out/>
  <testcase classname="APITestCase.ManageLead" name="GetTaskByLeadId" time="0.155"/>
  <system-out/>
  <testcase classname="APITestCase.ManageLead" name="MarkLeadAsStar" time="0.136"/>
  <system-out/>
  <testcase classname="APITestCase.ManageLead" name="GetRequirement" time="0.103"/>
  <system-out/>
  <testcase classname="APITestCase.ManageLead" name="Login" time="0.149"/>
  <system-out/>
  <testcase classname="APITestCase.ManageLead" name="GetLeadStage" time="0.117"/>
  <system-out/>
  <testcase classname="APITestCase.ManageLead" name="DeleteAttachment" time="0.151"/>
  <system-out/>
  <testcase classname="APITestCase.ManageLead" name="RescheduleTask" time="0.205"/>
  <system-out/>
  <testcase classname="APITestCase.ManageLead" name="AddTaskForLead" time="0.208"/>
  <system-out/>
</testsuite> <!-- APITestCase.ManageLead -->
