<?xml version="1.0" encoding="UTF-8"?>
<!-- Generated by org.testng.reporters.JUnitReportReporter -->
<testsuite hostname="KTLPT1386" failures="0" tests="13" name="APITestCase.ManageUser" time="5.768" errors="0" timestamp="2024-07-03T19:03:48 IST" skipped="0">
  <testcase classname="APITestCase.ManageUser" name="UpdateUser" time="0.229"/>
  <system-out/>
  <testcase classname="APITestCase.ManageUser" name="UploadUserProfileImage" time="0.488"/>
  <system-out/>
  <testcase classname="APITestCase.ManageUser" name="AddUser" time="0.652"/>
  <system-out/>
  <testcase classname="APITestCase.ManageUser" name="Login" time="0.232"/>
  <system-out/>
  <testcase classname="APITestCase.ManageUser" name="ExportUser" time="1.047"/>
  <system-out/>
  <testcase classname="APITestCase.ManageUser" name="GetBranches" time="0.252"/>
  <system-out/>
  <testcase classname="APITestCase.ManageUser" name="GetVendorCompany" time="0.188"/>
  <system-out/>
  <testcase classname="APITestCase.ManageUser" name="GetUser" time="0.663"/>
  <system-out/>
  <testcase classname="APITestCase.ManageUser" name="ResetPassword" time="0.253"/>
  <system-out/>
  <testcase classname="APITestCase.ManageUser" name="RoleList" time="0.399"/>
  <system-out/>
  <testcase classname="APITestCase.ManageUser" name="UsersCount" time="0.776"/>
  <system-out/>
  <testcase classname="APITestCase.ManageUser" name="UpdateUserStatus" time="0.169"/>
  <system-out/>
  <testcase classname="APITestCase.ManageUser" name="ResendPassword" time="0.420"/>
  <system-out/>
</testsuite> <!-- APITestCase.ManageUser -->
