<?xml version="1.0" encoding="UTF-8"?>
<!-- Generated by org.testng.reporters.JUnitReportReporter -->
<testsuite hostname="KTLPT1386" failures="0" tests="12" name="APITestCase.ManageUser" time="4.177" errors="0" timestamp="2024-07-09T11:34:19 IST" skipped="0">
  <testcase classname="APITestCase.ManageUser" name="UpdateUserStatus" time="0.172"/>
  <system-out/>
  <testcase classname="APITestCase.ManageUser" name="ResetPassword" time="0.209"/>
  <system-out/>
  <testcase classname="APITestCase.ManageUser" name="UploadUserProfileImage" time="0.328"/>
  <system-out/>
  <testcase classname="APITestCase.ManageUser" name="GetVendorCompany" time="0.201"/>
  <system-out/>
  <testcase classname="APITestCase.ManageUser" name="ResendPassword" time="0.408"/>
  <system-out/>
  <testcase classname="APITestCase.ManageUser" name="UsersCount" time="0.475"/>
  <system-out/>
  <testcase classname="APITestCase.ManageUser" name="ExportUser" time="0.636"/>
  <system-out/>
  <testcase classname="APITestCase.ManageUser" name="GetUser" time="0.558"/>
  <system-out/>
  <testcase classname="APITestCase.ManageUser" name="UpdateUser" time="0.244"/>
  <system-out/>
  <testcase classname="APITestCase.ManageUser" name="AddUser" time="0.503"/>
  <system-out/>
  <testcase classname="APITestCase.ManageUser" name="GetBranches" time="0.162"/>
  <system-out/>
  <testcase classname="APITestCase.ManageUser" name="RoleList" time="0.281"/>
  <system-out/>
</testsuite> <!-- APITestCase.ManageUser -->
