<?xml version="1.0" encoding="UTF-8"?>
<!-- Generated by org.testng.reporters.JUnitReportReporter -->
<testsuite hostname="KTLPT1386" failures="0" tests="6" name="APITestCase.ManageProfile" time="2.214" errors="0" timestamp="2024-07-03T19:03:48 IST" skipped="0">
  <testcase classname="APITestCase.ManageProfile" name="testGetUserProfile" time="0.264"/>
  <system-out/>
  <testcase classname="APITestCase.ManageProfile" name="testLogin" time="0.134"/>
  <system-out/>
  <testcase classname="APITestCase.ManageProfile" name="testUpdateUserProfile" time="0.168"/>
  <system-out/>
  <testcase classname="APITestCase.ManageProfile" name="testChangePassword" time="0.211"/>
  <system-out/>
  <testcase classname="APITestCase.ManageProfile" name="testUploadProfileImage" time="1.294"/>
  <system-out/>
  <testcase classname="APITestCase.ManageProfile" name="testRemoveProfileImage" time="0.143"/>
  <system-out/>
</testsuite> <!-- APITestCase.ManageProfile -->
