<?xml version="1.0" encoding="UTF-8"?>
<!-- Generated by org.testng.reporters.JUnitReportReporter -->
<testsuite hostname="KTLPT1386" failures="0" tests="3" name="APITestCase.ManageInquiry" time="0.903" errors="0" timestamp="2024-07-09T10:30:06 IST" skipped="0">
  <testcase classname="APITestCase.ManageInquiry" name="GetVendorInquiry" time="0.269"/>
  <system-out/>
  <testcase classname="APITestCase.ManageInquiry" name="UpdateInquiryStatus" time="0.271"/>
  <system-out/>
  <testcase classname="APITestCase.ManageInquiry" name="ExportInquiry" time="0.363"/>
  <system-out/>
</testsuite> <!-- APITestCase.ManageInquiry -->
