<?xml version="1.0" encoding="UTF-8"?>
<!-- Generated by org.testng.reporters.JUnitReportReporter -->
<testsuite hostname="KTLPT1386" failures="0" tests="7" name="APITestCase.Login" time="3.569" errors="0" timestamp="2024-07-08T18:35:13 IST" skipped="0">
  <testcase classname="APITestCase.Login" name="testLoginWithPassword" time="2.223"/>
  <system-out/>
  <testcase classname="APITestCase.Login" name="testLogout" time="0.165"/>
  <system-out/>
  <testcase classname="APITestCase.Login" name="testCheckResetPassword" time="0.177"/>
  <system-out/>
  <testcase classname="APITestCase.Login" name="testLoginWithOtp" time="0.425"/>
  <system-out/>
  <testcase classname="APITestCase.Login" name="testOtpVerification" time="0.187"/>
  <system-out/>
  <testcase classname="APITestCase.Login" name="testResetPassword" time="0.168"/>
  <system-out/>
  <testcase classname="APITestCase.Login" name="testUserProfile" time="0.224"/>
  <system-out/>
</testsuite> <!-- APITestCase.Login -->
