<?xml version="1.0" encoding="UTF-8"?>
<!-- Generated by org.testng.reporters.JUnitReportReporter -->
<testsuite hostname="KTLPT1386" failures="0" tests="7" name="APITestCase.RolesAndPermissions" time="1.227" errors="0" timestamp="2024-07-09T11:34:18 IST" skipped="0">
  <testcase classname="APITestCase.RolesAndPermissions" name="getRoleDetail" time="0.142"/>
  <system-out/>
  <testcase classname="APITestCase.RolesAndPermissions" name="getRoles" time="0.125"/>
  <system-out/>
  <testcase classname="APITestCase.RolesAndPermissions" name="editRole" time="0.172"/>
  <system-out/>
  <testcase classname="APITestCase.RolesAndPermissions" name="deleteRole" time="0.187"/>
  <system-out/>
  <testcase classname="APITestCase.RolesAndPermissions" name="RoleList" time="0.217"/>
  <system-out/>
  <testcase classname="APITestCase.RolesAndPermissions" name="createRole" time="0.189"/>
  <system-out/>
  <testcase classname="APITestCase.RolesAndPermissions" name="editRoleName" time="0.195"/>
  <system-out/>
</testsuite> <!-- APITestCase.RolesAndPermissions -->
