<?xml version="1.0" encoding="UTF-8"?>
<!-- Generated by org.testng.reporters.JUnitReportReporter -->
<testsuite hostname="KTLPT1386" failures="0" tests="6" name="APITestCase.ManageProfile" time="1.230" errors="0" timestamp="2024-07-08T18:35:13 IST" skipped="0">
  <testcase classname="APITestCase.ManageProfile" name="testRemoveProfileImage" time="0.189"/>
  <system-out/>
  <testcase classname="APITestCase.ManageProfile" name="testGetUserProfile" time="0.162"/>
  <system-out/>
  <testcase classname="APITestCase.ManageProfile" name="testUploadProfileImage" time="0.290"/>
  <system-out/>
  <testcase classname="APITestCase.ManageProfile" name="testLogin" time="0.144"/>
  <system-out/>
  <testcase classname="APITestCase.ManageProfile" name="testUpdateUserProfile" time="0.256"/>
  <system-out/>
  <testcase classname="APITestCase.ManageProfile" name="testChangePassword" time="0.189"/>
  <system-out/>
</testsuite> <!-- APITestCase.ManageProfile -->
