<?xml version="1.0" encoding="UTF-8"?>
<!-- Generated by org.testng.reporters.JUnitReportReporter -->
<testsuite hostname="KTLPT1386" failures="0" tests="15" name="APITestCase.Dashboard" time="3.652" errors="0" timestamp="2024-07-09T11:34:19 IST" skipped="0">
  <testcase classname="APITestCase.Dashboard" name="ExportLeadOverDueTask" time="0.294"/>
  <system-out/>
  <testcase classname="APITestCase.Dashboard" name="ExportLeadGenerationSources" time="0.257"/>
  <system-out/>
  <testcase classname="APITestCase.Dashboard" name="ExportVendorQuickResponse" time="0.284"/>
  <system-out/>
  <testcase classname="APITestCase.Dashboard" name="GetLeadAnalaytics" time="0.150"/>
  <system-out/>
  <testcase classname="APITestCase.Dashboard" name="ExportVendorStrikeRate" time="0.334"/>
  <system-out/>
  <testcase classname="APITestCase.Dashboard" name="StockCheckAnalytics" time="0.177"/>
  <system-out/>
  <testcase classname="APITestCase.Dashboard" name="ExportNotYetConvertedQuotation" time="0.303"/>
  <system-out/>
  <testcase classname="APITestCase.Dashboard" name="LeadConversionReport" time="0.166"/>
  <system-out/>
  <testcase classname="APITestCase.Dashboard" name="ExportLeadConversionReport" time="0.289"/>
  <system-out/>
  <testcase classname="APITestCase.Dashboard" name="ExportQuotationAnalytics" time="0.251"/>
  <system-out/>
  <testcase classname="APITestCase.Dashboard" name="ExportVendorPoorResponse" time="0.259"/>
  <system-out/>
  <testcase classname="APITestCase.Dashboard" name="GetOverDueTask" time="0.179"/>
  <system-out/>
  <testcase classname="APITestCase.Dashboard" name="ExportSalesExecutiveQuotationAnalytics" time="0.344"/>
  <system-out/>
  <testcase classname="APITestCase.Dashboard" name="GetDashboardData" time="0.209"/>
  <system-out/>
  <testcase classname="APITestCase.Dashboard" name="GetQuotationAnalytics" time="0.156"/>
  <system-out/>
</testsuite> <!-- APITestCase.Dashboard -->
