<?xml version="1.0" encoding="UTF-8"?>
<!-- Generated by org.testng.reporters.JUnitReportReporter -->
<testsuite hostname="KTLPT1386" failures="0" tests="3" name="APITestCase.ManageInventory" time="5.047" errors="0" timestamp="2024-07-03T19:29:16 IST" skipped="0">
  <testcase classname="APITestCase.ManageInventory" name="GetProductDetails" time="0.917"/>
  <system-out/>
  <testcase classname="APITestCase.ManageInventory" name="AddInventory" time="0.394"/>
  <system-out/>
  <testcase classname="APITestCase.ManageInventory" name="Login" time="3.736"/>
  <system-out/>
</testsuite> <!-- APITestCase.ManageInventory -->
