<?xml version="1.0" encoding="UTF-8"?>
<!-- Generated by org.testng.reporters.JUnitReportReporter -->
<testsuite hostname="KTLPT1386" failures="0" tests="13" name="APITestCase.ManageUser" time="4.209" errors="0" timestamp="2024-07-08T18:35:13 IST" skipped="0">
  <testcase classname="APITestCase.ManageUser" name="RoleList" time="0.231"/>
  <system-out/>
  <testcase classname="APITestCase.ManageUser" name="UploadUserProfileImage" time="0.318"/>
  <system-out/>
  <testcase classname="APITestCase.ManageUser" name="ResendPassword" time="0.476"/>
  <system-out/>
  <testcase classname="APITestCase.ManageUser" name="GetUser" time="0.538"/>
  <system-out/>
  <testcase classname="APITestCase.ManageUser" name="ResetPassword" time="0.149"/>
  <system-out/>
  <testcase classname="APITestCase.ManageUser" name="AddUser" time="0.459"/>
  <system-out/>
  <testcase classname="APITestCase.ManageUser" name="UpdateUser" time="0.209"/>
  <system-out/>
  <testcase classname="APITestCase.ManageUser" name="UpdateUserStatus" time="0.152"/>
  <system-out/>
  <testcase classname="APITestCase.ManageUser" name="Login" time="0.190"/>
  <system-out/>
  <testcase classname="APITestCase.ManageUser" name="GetBranches" time="0.157"/>
  <system-out/>
  <testcase classname="APITestCase.ManageUser" name="GetVendorCompany" time="0.188"/>
  <system-out/>
  <testcase classname="APITestCase.ManageUser" name="ExportUser" time="0.514"/>
  <system-out/>
  <testcase classname="APITestCase.ManageUser" name="UsersCount" time="0.628"/>
  <system-out/>
</testsuite> <!-- APITestCase.ManageUser -->
