<?xml version="1.0" encoding="UTF-8"?>
<!-- Generated by org.testng.reporters.JUnitReportReporter -->
<testsuite hostname="KTLPT1386" failures="0" tests="23" name="APITestCase.ManageLead" time="7.680" errors="0" timestamp="2024-07-09T15:58:59 IST" skipped="0">
  <testcase classname="APITestCase.ManageLead" name="GetStates" time="0.113"/>
  <system-out/>
  <testcase classname="APITestCase.ManageLead" name="GetCity" time="0.126"/>
  <system-out/>
  <testcase classname="APITestCase.ManageLead" name="RescheduleTask" time="0.167"/>
  <system-out/>
  <testcase classname="APITestCase.ManageLead" name="GetLeadTask" time="0.174"/>
  <system-out/>
  <testcase classname="APITestCase.ManageLead" name="MarkLeadAsStar" time="0.150"/>
  <system-out/>
  <testcase classname="APITestCase.ManageLead" name="AddTaskForLead" time="0.188"/>
  <system-out/>
  <testcase classname="APITestCase.ManageLead" name="GetLeadOwner" time="0.246"/>
  <system-out/>
  <testcase classname="APITestCase.ManageLead" name="UpdateLeadStage" time="0.167"/>
  <system-out/>
  <testcase classname="APITestCase.ManageLead" name="AddLeadActivity" time="0.182"/>
  <system-out/>
  <testcase classname="APITestCase.ManageLead" name="GetLeadDetails" time="0.155"/>
  <system-out/>
  <testcase classname="APITestCase.ManageLead" name="UploadLeadAttachment" time="0.365"/>
  <system-out/>
  <testcase classname="APITestCase.ManageLead" name="GetLeadHistory" time="0.140"/>
  <system-out/>
  <testcase classname="APITestCase.ManageLead" name="MarkTaskAsCompleted" time="0.147"/>
  <system-out/>
  <testcase classname="APITestCase.ManageLead" name="DeleteAttachment" time="0.141"/>
  <system-out/>
  <testcase classname="APITestCase.ManageLead" name="GetRequirement" time="0.121"/>
  <system-out/>
  <testcase classname="APITestCase.ManageLead" name="GetTaskByLeadId" time="0.214"/>
  <system-out/>
  <testcase classname="APITestCase.ManageLead" name="GetLeads" time="1.776"/>
  <system-out/>
  <testcase classname="APITestCase.ManageLead" name="AddLead" time="0.569"/>
  <system-out/>
  <testcase classname="APITestCase.ManageLead" name="GetLeadActivity" time="0.125"/>
  <system-out/>
  <testcase classname="APITestCase.ManageLead" name="CheckLeadNumbers" time="0.127"/>
  <system-out/>
  <testcase classname="APITestCase.ManageLead" name="ExportLeads" time="1.867"/>
  <system-out/>
  <testcase classname="APITestCase.ManageLead" name="GetLeadStage" time="0.105"/>
  <system-out/>
  <testcase classname="APITestCase.ManageLead" name="UpdateLead" time="0.315"/>
  <system-out/>
</testsuite> <!-- APITestCase.ManageLead -->
