<?xml version="1.0" encoding="UTF-8"?>
<!-- Generated by org.testng.reporters.JUnitReportReporter -->
<testsuite hostname="KTLPT1386" failures="0" tests="16" name="APITestCase.Dashboard" time="6.309" errors="0" timestamp="2024-07-08T13:02:53 IST" skipped="0">
  <testcase classname="APITestCase.Dashboard" name="ExportSalesExecutiveQuotationAnalytics" time="0.298"/>
  <system-out/>
  <testcase classname="APITestCase.Dashboard" name="ExportVendorStrikeRate" time="0.303"/>
  <system-out/>
  <testcase classname="APITestCase.Dashboard" name="ExportNotYetConvertedQuotation" time="0.331"/>
  <system-out/>
  <testcase classname="APITestCase.Dashboard" name="ExportQuotationAnalytics" time="0.364"/>
  <system-out/>
  <testcase classname="APITestCase.Dashboard" name="ExportVendorPoorResponse" time="0.315"/>
  <system-out/>
  <testcase classname="APITestCase.Dashboard" name="ExportLeadGenerationSources" time="0.320"/>
  <system-out/>
  <testcase classname="APITestCase.Dashboard" name="GetLeadAnalaytics" time="0.182"/>
  <system-out/>
  <testcase classname="APITestCase.Dashboard" name="GetQuotationAnalytics" time="0.209"/>
  <system-out/>
  <testcase classname="APITestCase.Dashboard" name="LeadConversionReport" time="0.217"/>
  <system-out/>
  <testcase classname="APITestCase.Dashboard" name="GetOverDueTask" time="0.216"/>
  <system-out/>
  <testcase classname="APITestCase.Dashboard" name="StockCheckAnalytics" time="0.266"/>
  <system-out/>
  <testcase classname="APITestCase.Dashboard" name="ExportLeadOverDueTask" time="0.359"/>
  <system-out/>
  <testcase classname="APITestCase.Dashboard" name="ExportVendorQuickResponse" time="0.273"/>
  <system-out/>
  <testcase classname="APITestCase.Dashboard" name="GetDashboardData" time="0.246"/>
  <system-out/>
  <testcase classname="APITestCase.Dashboard" name="Login" time="2.051"/>
  <system-out/>
  <testcase classname="APITestCase.Dashboard" name="ExportLeadConversionReport" time="0.359"/>
  <system-out/>
</testsuite> <!-- APITestCase.Dashboard -->
