<?xml version="1.0" encoding="UTF-8"?>
<!-- Generated by org.testng.reporters.JUnitReportReporter -->
<testsuite hostname="KTLPT1386" failures="0" tests="23" name="APITestCase.ManageLead" time="7.869" errors="0" timestamp="2024-07-09T11:34:19 IST" skipped="0">
  <testcase classname="APITestCase.ManageLead" name="UploadLeadAttachment" time="0.317"/>
  <system-out/>
  <testcase classname="APITestCase.ManageLead" name="UpdateLead" time="0.335"/>
  <system-out/>
  <testcase classname="APITestCase.ManageLead" name="AddLeadActivity" time="0.165"/>
  <system-out/>
  <testcase classname="APITestCase.ManageLead" name="GetLeadTask" time="0.252"/>
  <system-out/>
  <testcase classname="APITestCase.ManageLead" name="MarkLeadAsStar" time="0.151"/>
  <system-out/>
  <testcase classname="APITestCase.ManageLead" name="GetLeads" time="1.562"/>
  <system-out/>
  <testcase classname="APITestCase.ManageLead" name="GetLeadActivity" time="0.106"/>
  <system-out/>
  <testcase classname="APITestCase.ManageLead" name="GetLeadStage" time="0.135"/>
  <system-out/>
  <testcase classname="APITestCase.ManageLead" name="GetCity" time="0.125"/>
  <system-out/>
  <testcase classname="APITestCase.ManageLead" name="AddLead" time="1.190"/>
  <system-out/>
  <testcase classname="APITestCase.ManageLead" name="GetLeadDetails" time="0.138"/>
  <system-out/>
  <testcase classname="APITestCase.ManageLead" name="GetLeadOwner" time="0.189"/>
  <system-out/>
  <testcase classname="APITestCase.ManageLead" name="GetStates" time="0.129"/>
  <system-out/>
  <testcase classname="APITestCase.ManageLead" name="DeleteAttachment" time="0.203"/>
  <system-out/>
  <testcase classname="APITestCase.ManageLead" name="GetRequirement" time="0.107"/>
  <system-out/>
  <testcase classname="APITestCase.ManageLead" name="CheckLeadNumbers" time="0.122"/>
  <system-out/>
  <testcase classname="APITestCase.ManageLead" name="GetTaskByLeadId" time="0.124"/>
  <system-out/>
  <testcase classname="APITestCase.ManageLead" name="ExportLeads" time="1.606"/>
  <system-out/>
  <testcase classname="APITestCase.ManageLead" name="AddTaskForLead" time="0.224"/>
  <system-out/>
  <testcase classname="APITestCase.ManageLead" name="MarkTaskAsCompleted" time="0.157"/>
  <system-out/>
  <testcase classname="APITestCase.ManageLead" name="RescheduleTask" time="0.176"/>
  <system-out/>
  <testcase classname="APITestCase.ManageLead" name="GetLeadHistory" time="0.140"/>
  <system-out/>
  <testcase classname="APITestCase.ManageLead" name="UpdateLeadStage" time="0.216"/>
  <system-out/>
</testsuite> <!-- APITestCase.ManageLead -->
