<?xml version="1.0" encoding="UTF-8"?>
<!-- Generated by org.testng.reporters.JUnitReportReporter -->
<testsuite hostname="KTLPT1386" failures="0" tests="8" name="APITestCase.RolesAndPermissions" time="1.378" errors="0" timestamp="2024-07-08T18:35:13 IST" skipped="0">
  <testcase classname="APITestCase.RolesAndPermissions" name="login" time="0.168"/>
  <system-out/>
  <testcase classname="APITestCase.RolesAndPermissions" name="getRoleDetail" time="0.162"/>
  <system-out/>
  <testcase classname="APITestCase.RolesAndPermissions" name="createRole" time="0.188"/>
  <system-out/>
  <testcase classname="APITestCase.RolesAndPermissions" name="getRoles" time="0.136"/>
  <system-out/>
  <testcase classname="APITestCase.RolesAndPermissions" name="editRoleName" time="0.199"/>
  <system-out/>
  <testcase classname="APITestCase.RolesAndPermissions" name="editRole" time="0.184"/>
  <system-out/>
  <testcase classname="APITestCase.RolesAndPermissions" name="RoleList" time="0.185"/>
  <system-out/>
  <testcase classname="APITestCase.RolesAndPermissions" name="deleteRole" time="0.156"/>
  <system-out/>
</testsuite> <!-- APITestCase.RolesAndPermissions -->
