<?xml version="1.0" encoding="UTF-8"?>
<!-- Generated by org.testng.reporters.JUnitReportReporter -->
<testsuite hostname="KTLPT1386" failures="0" tests="24" name="APITestCase.ManageLead" time="7.562" errors="0" timestamp="2024-07-08T18:35:13 IST" skipped="0">
  <testcase classname="APITestCase.ManageLead" name="GetLeadDetails" time="0.146"/>
  <system-out/>
  <testcase classname="APITestCase.ManageLead" name="MarkTaskAsCompleted" time="0.187"/>
  <system-out/>
  <testcase classname="APITestCase.ManageLead" name="CheckLeadNumbers" time="0.150"/>
  <system-out/>
  <testcase classname="APITestCase.ManageLead" name="RescheduleTask" time="0.202"/>
  <system-out/>
  <testcase classname="APITestCase.ManageLead" name="GetStates" time="0.447"/>
  <system-out/>
  <testcase classname="APITestCase.ManageLead" name="ExportLeads" time="1.566"/>
  <system-out/>
  <testcase classname="APITestCase.ManageLead" name="GetLeadStage" time="0.117"/>
  <system-out/>
  <testcase classname="APITestCase.ManageLead" name="GetLeadActivity" time="0.126"/>
  <system-out/>
  <testcase classname="APITestCase.ManageLead" name="GetLeads" time="1.334"/>
  <system-out/>
  <testcase classname="APITestCase.ManageLead" name="UpdateLeadStage" time="0.182"/>
  <system-out/>
  <testcase classname="APITestCase.ManageLead" name="DeleteAttachment" time="0.152"/>
  <system-out/>
  <testcase classname="APITestCase.ManageLead" name="UploadLeadAttachment" time="0.299"/>
  <system-out/>
  <testcase classname="APITestCase.ManageLead" name="GetCity" time="0.113"/>
  <system-out/>
  <testcase classname="APITestCase.ManageLead" name="Login" time="0.198"/>
  <system-out/>
  <testcase classname="APITestCase.ManageLead" name="AddTaskForLead" time="0.195"/>
  <system-out/>
  <testcase classname="APITestCase.ManageLead" name="UpdateLead" time="0.302"/>
  <system-out/>
  <testcase classname="APITestCase.ManageLead" name="GetLeadTask" time="0.197"/>
  <system-out/>
  <testcase classname="APITestCase.ManageLead" name="AddLead" time="0.696"/>
  <system-out/>
  <testcase classname="APITestCase.ManageLead" name="AddLeadActivity" time="0.158"/>
  <system-out/>
  <testcase classname="APITestCase.ManageLead" name="GetLeadHistory" time="0.150"/>
  <system-out/>
  <testcase classname="APITestCase.ManageLead" name="GetLeadOwner" time="0.210"/>
  <system-out/>
  <testcase classname="APITestCase.ManageLead" name="GetTaskByLeadId" time="0.153"/>
  <system-out/>
  <testcase classname="APITestCase.ManageLead" name="GetRequirement" time="0.137"/>
  <system-out/>
  <testcase classname="APITestCase.ManageLead" name="MarkLeadAsStar" time="0.145"/>
  <system-out/>
</testsuite> <!-- APITestCase.ManageLead -->
