<?xml version="1.0" encoding="UTF-8"?>
<!-- Generated by org.testng.reporters.JUnitReportReporter -->
<testsuite hostname="KTLPT1386" failures="0" tests="13" name="APITestCase.ManageQuotation" time="5.986" errors="0" timestamp="2024-07-09T11:34:19 IST" skipped="0">
  <testcase classname="APITestCase.ManageQuotation" name="DownloadQuotation" time="2.913"/>
  <system-out/>
  <testcase classname="APITestCase.ManageQuotation" name="GetQuotation" time="0.248"/>
  <system-out/>
  <testcase classname="APITestCase.ManageQuotation" name="UpdateQuotation" time="0.213"/>
  <system-out/>
  <testcase classname="APITestCase.ManageQuotation" name="ConvertToOrder" time="0.848"/>
  <system-out/>
  <testcase classname="APITestCase.ManageQuotation" name="QuotationDetail" time="0.143"/>
  <system-out/>
  <testcase classname="APITestCase.ManageQuotation" name="UpdateBillingAddress" time="0.199"/>
  <system-out/>
  <testcase classname="APITestCase.ManageQuotation" name="AddShippingAddress" time="0.196"/>
  <system-out/>
  <testcase classname="APITestCase.ManageQuotation" name="DeleteQuotation" time="0.216"/>
  <system-out/>
  <testcase classname="APITestCase.ManageQuotation" name="AddQuotation" time="0.226"/>
  <system-out/>
  <testcase classname="APITestCase.ManageQuotation" name="AddLead" time="0.176"/>
  <system-out/>
  <testcase classname="APITestCase.ManageQuotation" name="ExportQuotation" time="0.243"/>
  <system-out/>
  <testcase classname="APITestCase.ManageQuotation" name="AddBillingAddress" time="0.105"/>
  <system-out/>
  <testcase classname="APITestCase.ManageQuotation" name="UpdateShippingAddress" time="0.260"/>
  <system-out/>
</testsuite> <!-- APITestCase.ManageQuotation -->
