<?xml version="1.0" encoding="UTF-8"?>
<!-- Generated by org.testng.reporters.JUnitReportReporter -->
<testsuite hostname="KTLPT1386" failures="0" tests="1" name="Individual.LoginToken" time="3.277" errors="0" timestamp="2024-07-08T17:33:30 IST" skipped="0">
  <testcase classname="Individual.LoginToken" name="testLoginWithPassword" time="3.277"/>
  <system-out/>
</testsuite> <!-- Individual.LoginToken -->
