<?xml version="1.0" encoding="UTF-8"?>
<!-- Generated by org.testng.reporters.JUnitReportReporter -->
<testsuite hostname="KTLPT1386" failures="0" tests="8" name="APITestCase.RolesAndPermissions" time="1.927" errors="0" timestamp="2024-07-03T19:03:48 IST" skipped="0">
  <testcase classname="APITestCase.RolesAndPermissions" name="editRoleName" time="0.163"/>
  <system-out/>
  <testcase classname="APITestCase.RolesAndPermissions" name="RoleList" time="0.586"/>
  <system-out/>
  <testcase classname="APITestCase.RolesAndPermissions" name="createRole" time="0.224"/>
  <system-out/>
  <testcase classname="APITestCase.RolesAndPermissions" name="getRoleDetail" time="0.172"/>
  <system-out/>
  <testcase classname="APITestCase.RolesAndPermissions" name="editRole" time="0.222"/>
  <system-out/>
  <testcase classname="APITestCase.RolesAndPermissions" name="login" time="0.218"/>
  <system-out/>
  <testcase classname="APITestCase.RolesAndPermissions" name="deleteRole" time="0.179"/>
  <system-out/>
  <testcase classname="APITestCase.RolesAndPermissions" name="getRoles" time="0.163"/>
  <system-out/>
</testsuite> <!-- APITestCase.RolesAndPermissions -->
