<?xml version="1.0" encoding="UTF-8"?>
<!-- Generated by org.testng.reporters.JUnitReportReporter -->
<testsuite hostname="KTLPT1386" failures="0" tests="5" name="APITestCase.ManageProfile" time="0.918" errors="0" timestamp="2024-07-09T15:58:59 IST" skipped="0">
  <testcase classname="APITestCase.ManageProfile" name="testUpdateUserProfile" time="0.170"/>
  <system-out/>
  <testcase classname="APITestCase.ManageProfile" name="testChangePassword" time="0.194"/>
  <system-out/>
  <testcase classname="APITestCase.ManageProfile" name="testUploadProfileImage" time="0.225"/>
  <system-out/>
  <testcase classname="APITestCase.ManageProfile" name="testGetUserProfile" time="0.165"/>
  <system-out/>
  <testcase classname="APITestCase.ManageProfile" name="testRemoveProfileImage" time="0.164"/>
  <system-out/>
</testsuite> <!-- APITestCase.ManageProfile -->
