<?xml version="1.0" encoding="UTF-8"?>
<!-- Generated by org.testng.reporters.JUnitReportReporter -->
<testsuite hostname="KTLPT1386" failures="0" tests="7" name="APITestCase.Login" time="5.967" errors="0" timestamp="2024-07-03T19:03:48 IST" skipped="0">
  <testcase classname="APITestCase.Login" name="testLogout" time="0.285"/>
  <system-out/>
  <testcase classname="APITestCase.Login" name="testLoginWithPassword" time="4.054"/>
  <system-out/>
  <testcase classname="APITestCase.Login" name="testCheckResetPassword" time="0.218"/>
  <system-out/>
  <testcase classname="APITestCase.Login" name="testLoginWithOtp" time="0.613"/>
  <system-out/>
  <testcase classname="APITestCase.Login" name="testOtpVerification" time="0.328"/>
  <system-out/>
  <testcase classname="APITestCase.Login" name="testResetPassword" time="0.251"/>
  <system-out/>
  <testcase classname="APITestCase.Login" name="testUserProfile" time="0.218"/>
  <system-out/>
</testsuite> <!-- APITestCase.Login -->
