<?xml version="1.0" encoding="UTF-8"?>
<!-- Generated by org.testng.reporters.JUnitReportReporter -->
<testsuite hostname="KTLPT1386" failures="0" tests="7" name="APITestCase.Login" time="3.591" errors="0" timestamp="2024-07-09T11:34:19 IST" skipped="0">
  <testcase classname="APITestCase.Login" name="testLoginWithPassword" time="2.056"/>
  <system-out/>
  <testcase classname="APITestCase.Login" name="testLogout" time="0.227"/>
  <system-out/>
  <testcase classname="APITestCase.Login" name="testCheckResetPassword" time="0.165"/>
  <system-out/>
  <testcase classname="APITestCase.Login" name="testLoginWithOtp" time="0.479"/>
  <system-out/>
  <testcase classname="APITestCase.Login" name="testOtpVerification" time="0.213"/>
  <system-out/>
  <testcase classname="APITestCase.Login" name="testResetPassword" time="0.156"/>
  <system-out/>
  <testcase classname="APITestCase.Login" name="testUserProfile" time="0.295"/>
  <system-out/>
</testsuite> <!-- APITestCase.Login -->
