<?xml version="1.0" encoding="UTF-8"?>
<!-- Generated by org.testng.reporters.JUnitReportReporter -->
<testsuite hostname="KTLPT1386" failures="0" tests="1" name="APITestCase.Login" time="2.430" errors="0" timestamp="2024-07-09T13:50:50 IST" skipped="0">
  <testcase classname="APITestCase.Login" name="testLoginWithOtp" time="2.430"/>
  <system-out/>
</testsuite> <!-- APITestCase.Login -->
