<?xml version="1.0" encoding="UTF-8"?>
<!-- Generated by org.testng.reporters.JUnitReportReporter -->
<testsuite hostname="KTLPT1386" failures="0" tests="7" name="APITestCase.Login" time="3.522" errors="0" timestamp="2024-07-09T15:58:58 IST" skipped="0">
  <testcase classname="APITestCase.Login" name="testLoginWithPassword" time="2.267"/>
  <system-out/>
  <testcase classname="APITestCase.Login" name="testCheckResetPassword" time="0.161"/>
  <system-out/>
  <testcase classname="APITestCase.Login" name="testLogout" time="0.167"/>
  <system-out/>
  <testcase classname="APITestCase.Login" name="testLoginWithOtp" time="0.325"/>
  <system-out/>
  <testcase classname="APITestCase.Login" name="testOtpVerification" time="0.249"/>
  <system-out/>
  <testcase classname="APITestCase.Login" name="testResetPassword" time="0.198"/>
  <system-out/>
  <testcase classname="APITestCase.Login" name="testUserProfile" time="0.155"/>
  <system-out/>
</testsuite> <!-- APITestCase.Login -->
